{
 "cells": [
  {
   "cell_type": "code",
   "execution_count": 3,
   "id": "a69f9369-062c-41d6-ae3e-49c5427e5c4a",
   "metadata": {},
   "outputs": [
    {
     "data": {
      "text/plain": [
       "(18207, 89)"
      ]
     },
     "execution_count": 3,
     "metadata": {},
     "output_type": "execute_result"
    }
   ],
   "source": [
    "import pandas as pd\n",
    "data_frame = pd.read_csv('C:/Users/user/Desktop/data_science/soccer analysis/data.csv')\n",
    "data_frame.shape"
   ]
  },
  {
   "cell_type": "code",
   "execution_count": 4,
   "id": "b1272ba4-78cf-4ddf-a53e-78263e5a31d2",
   "metadata": {},
   "outputs": [
    {
     "data": {
      "text/html": [
       "<div>\n",
       "<style scoped>\n",
       "    .dataframe tbody tr th:only-of-type {\n",
       "        vertical-align: middle;\n",
       "    }\n",
       "\n",
       "    .dataframe tbody tr th {\n",
       "        vertical-align: top;\n",
       "    }\n",
       "\n",
       "    .dataframe thead th {\n",
       "        text-align: right;\n",
       "    }\n",
       "</style>\n",
       "<table border=\"1\" class=\"dataframe\">\n",
       "  <thead>\n",
       "    <tr style=\"text-align: right;\">\n",
       "      <th></th>\n",
       "      <th>Unnamed: 0</th>\n",
       "      <th>ID</th>\n",
       "      <th>Age</th>\n",
       "      <th>Overall</th>\n",
       "      <th>Potential</th>\n",
       "      <th>Special</th>\n",
       "      <th>International Reputation</th>\n",
       "      <th>Weak Foot</th>\n",
       "      <th>Skill Moves</th>\n",
       "      <th>Jersey Number</th>\n",
       "      <th>...</th>\n",
       "      <th>Penalties</th>\n",
       "      <th>Composure</th>\n",
       "      <th>Marking</th>\n",
       "      <th>StandingTackle</th>\n",
       "      <th>SlidingTackle</th>\n",
       "      <th>GKDiving</th>\n",
       "      <th>GKHandling</th>\n",
       "      <th>GKKicking</th>\n",
       "      <th>GKPositioning</th>\n",
       "      <th>GKReflexes</th>\n",
       "    </tr>\n",
       "  </thead>\n",
       "  <tbody>\n",
       "    <tr>\n",
       "      <th>count</th>\n",
       "      <td>18207.000000</td>\n",
       "      <td>18207.000000</td>\n",
       "      <td>18207.000000</td>\n",
       "      <td>18207.000000</td>\n",
       "      <td>18207.000000</td>\n",
       "      <td>18207.000000</td>\n",
       "      <td>18159.000000</td>\n",
       "      <td>18159.000000</td>\n",
       "      <td>18159.000000</td>\n",
       "      <td>18147.000000</td>\n",
       "      <td>...</td>\n",
       "      <td>18159.000000</td>\n",
       "      <td>18159.000000</td>\n",
       "      <td>18159.000000</td>\n",
       "      <td>18159.000000</td>\n",
       "      <td>18159.000000</td>\n",
       "      <td>18159.000000</td>\n",
       "      <td>18159.000000</td>\n",
       "      <td>18159.000000</td>\n",
       "      <td>18159.000000</td>\n",
       "      <td>18159.000000</td>\n",
       "    </tr>\n",
       "    <tr>\n",
       "      <th>mean</th>\n",
       "      <td>9103.000000</td>\n",
       "      <td>214298.338606</td>\n",
       "      <td>25.122206</td>\n",
       "      <td>66.238699</td>\n",
       "      <td>71.307299</td>\n",
       "      <td>1597.809908</td>\n",
       "      <td>1.113222</td>\n",
       "      <td>2.947299</td>\n",
       "      <td>2.361308</td>\n",
       "      <td>19.546096</td>\n",
       "      <td>...</td>\n",
       "      <td>48.548598</td>\n",
       "      <td>58.648274</td>\n",
       "      <td>47.281623</td>\n",
       "      <td>47.697836</td>\n",
       "      <td>45.661435</td>\n",
       "      <td>16.616223</td>\n",
       "      <td>16.391596</td>\n",
       "      <td>16.232061</td>\n",
       "      <td>16.388898</td>\n",
       "      <td>16.710887</td>\n",
       "    </tr>\n",
       "    <tr>\n",
       "      <th>std</th>\n",
       "      <td>5256.052511</td>\n",
       "      <td>29965.244204</td>\n",
       "      <td>4.669943</td>\n",
       "      <td>6.908930</td>\n",
       "      <td>6.136496</td>\n",
       "      <td>272.586016</td>\n",
       "      <td>0.394031</td>\n",
       "      <td>0.660456</td>\n",
       "      <td>0.756164</td>\n",
       "      <td>15.947765</td>\n",
       "      <td>...</td>\n",
       "      <td>15.704053</td>\n",
       "      <td>11.436133</td>\n",
       "      <td>19.904397</td>\n",
       "      <td>21.664004</td>\n",
       "      <td>21.289135</td>\n",
       "      <td>17.695349</td>\n",
       "      <td>16.906900</td>\n",
       "      <td>16.502864</td>\n",
       "      <td>17.034669</td>\n",
       "      <td>17.955119</td>\n",
       "    </tr>\n",
       "    <tr>\n",
       "      <th>min</th>\n",
       "      <td>0.000000</td>\n",
       "      <td>16.000000</td>\n",
       "      <td>16.000000</td>\n",
       "      <td>46.000000</td>\n",
       "      <td>48.000000</td>\n",
       "      <td>731.000000</td>\n",
       "      <td>1.000000</td>\n",
       "      <td>1.000000</td>\n",
       "      <td>1.000000</td>\n",
       "      <td>1.000000</td>\n",
       "      <td>...</td>\n",
       "      <td>5.000000</td>\n",
       "      <td>3.000000</td>\n",
       "      <td>3.000000</td>\n",
       "      <td>2.000000</td>\n",
       "      <td>3.000000</td>\n",
       "      <td>1.000000</td>\n",
       "      <td>1.000000</td>\n",
       "      <td>1.000000</td>\n",
       "      <td>1.000000</td>\n",
       "      <td>1.000000</td>\n",
       "    </tr>\n",
       "    <tr>\n",
       "      <th>25%</th>\n",
       "      <td>4551.500000</td>\n",
       "      <td>200315.500000</td>\n",
       "      <td>21.000000</td>\n",
       "      <td>62.000000</td>\n",
       "      <td>67.000000</td>\n",
       "      <td>1457.000000</td>\n",
       "      <td>1.000000</td>\n",
       "      <td>3.000000</td>\n",
       "      <td>2.000000</td>\n",
       "      <td>8.000000</td>\n",
       "      <td>...</td>\n",
       "      <td>39.000000</td>\n",
       "      <td>51.000000</td>\n",
       "      <td>30.000000</td>\n",
       "      <td>27.000000</td>\n",
       "      <td>24.000000</td>\n",
       "      <td>8.000000</td>\n",
       "      <td>8.000000</td>\n",
       "      <td>8.000000</td>\n",
       "      <td>8.000000</td>\n",
       "      <td>8.000000</td>\n",
       "    </tr>\n",
       "    <tr>\n",
       "      <th>50%</th>\n",
       "      <td>9103.000000</td>\n",
       "      <td>221759.000000</td>\n",
       "      <td>25.000000</td>\n",
       "      <td>66.000000</td>\n",
       "      <td>71.000000</td>\n",
       "      <td>1635.000000</td>\n",
       "      <td>1.000000</td>\n",
       "      <td>3.000000</td>\n",
       "      <td>2.000000</td>\n",
       "      <td>17.000000</td>\n",
       "      <td>...</td>\n",
       "      <td>49.000000</td>\n",
       "      <td>60.000000</td>\n",
       "      <td>53.000000</td>\n",
       "      <td>55.000000</td>\n",
       "      <td>52.000000</td>\n",
       "      <td>11.000000</td>\n",
       "      <td>11.000000</td>\n",
       "      <td>11.000000</td>\n",
       "      <td>11.000000</td>\n",
       "      <td>11.000000</td>\n",
       "    </tr>\n",
       "    <tr>\n",
       "      <th>75%</th>\n",
       "      <td>13654.500000</td>\n",
       "      <td>236529.500000</td>\n",
       "      <td>28.000000</td>\n",
       "      <td>71.000000</td>\n",
       "      <td>75.000000</td>\n",
       "      <td>1787.000000</td>\n",
       "      <td>1.000000</td>\n",
       "      <td>3.000000</td>\n",
       "      <td>3.000000</td>\n",
       "      <td>26.000000</td>\n",
       "      <td>...</td>\n",
       "      <td>60.000000</td>\n",
       "      <td>67.000000</td>\n",
       "      <td>64.000000</td>\n",
       "      <td>66.000000</td>\n",
       "      <td>64.000000</td>\n",
       "      <td>14.000000</td>\n",
       "      <td>14.000000</td>\n",
       "      <td>14.000000</td>\n",
       "      <td>14.000000</td>\n",
       "      <td>14.000000</td>\n",
       "    </tr>\n",
       "    <tr>\n",
       "      <th>max</th>\n",
       "      <td>18206.000000</td>\n",
       "      <td>246620.000000</td>\n",
       "      <td>45.000000</td>\n",
       "      <td>94.000000</td>\n",
       "      <td>95.000000</td>\n",
       "      <td>2346.000000</td>\n",
       "      <td>5.000000</td>\n",
       "      <td>5.000000</td>\n",
       "      <td>5.000000</td>\n",
       "      <td>99.000000</td>\n",
       "      <td>...</td>\n",
       "      <td>92.000000</td>\n",
       "      <td>96.000000</td>\n",
       "      <td>94.000000</td>\n",
       "      <td>93.000000</td>\n",
       "      <td>91.000000</td>\n",
       "      <td>90.000000</td>\n",
       "      <td>92.000000</td>\n",
       "      <td>91.000000</td>\n",
       "      <td>90.000000</td>\n",
       "      <td>94.000000</td>\n",
       "    </tr>\n",
       "  </tbody>\n",
       "</table>\n",
       "<p>8 rows Ã— 44 columns</p>\n",
       "</div>"
      ],
      "text/plain": [
       "         Unnamed: 0             ID           Age       Overall     Potential  \\\n",
       "count  18207.000000   18207.000000  18207.000000  18207.000000  18207.000000   \n",
       "mean    9103.000000  214298.338606     25.122206     66.238699     71.307299   \n",
       "std     5256.052511   29965.244204      4.669943      6.908930      6.136496   \n",
       "min        0.000000      16.000000     16.000000     46.000000     48.000000   \n",
       "25%     4551.500000  200315.500000     21.000000     62.000000     67.000000   \n",
       "50%     9103.000000  221759.000000     25.000000     66.000000     71.000000   \n",
       "75%    13654.500000  236529.500000     28.000000     71.000000     75.000000   \n",
       "max    18206.000000  246620.000000     45.000000     94.000000     95.000000   \n",
       "\n",
       "            Special  International Reputation     Weak Foot   Skill Moves  \\\n",
       "count  18207.000000              18159.000000  18159.000000  18159.000000   \n",
       "mean    1597.809908                  1.113222      2.947299      2.361308   \n",
       "std      272.586016                  0.394031      0.660456      0.756164   \n",
       "min      731.000000                  1.000000      1.000000      1.000000   \n",
       "25%     1457.000000                  1.000000      3.000000      2.000000   \n",
       "50%     1635.000000                  1.000000      3.000000      2.000000   \n",
       "75%     1787.000000                  1.000000      3.000000      3.000000   \n",
       "max     2346.000000                  5.000000      5.000000      5.000000   \n",
       "\n",
       "       Jersey Number  ...     Penalties     Composure       Marking  \\\n",
       "count   18147.000000  ...  18159.000000  18159.000000  18159.000000   \n",
       "mean       19.546096  ...     48.548598     58.648274     47.281623   \n",
       "std        15.947765  ...     15.704053     11.436133     19.904397   \n",
       "min         1.000000  ...      5.000000      3.000000      3.000000   \n",
       "25%         8.000000  ...     39.000000     51.000000     30.000000   \n",
       "50%        17.000000  ...     49.000000     60.000000     53.000000   \n",
       "75%        26.000000  ...     60.000000     67.000000     64.000000   \n",
       "max        99.000000  ...     92.000000     96.000000     94.000000   \n",
       "\n",
       "       StandingTackle  SlidingTackle      GKDiving    GKHandling  \\\n",
       "count    18159.000000   18159.000000  18159.000000  18159.000000   \n",
       "mean        47.697836      45.661435     16.616223     16.391596   \n",
       "std         21.664004      21.289135     17.695349     16.906900   \n",
       "min          2.000000       3.000000      1.000000      1.000000   \n",
       "25%         27.000000      24.000000      8.000000      8.000000   \n",
       "50%         55.000000      52.000000     11.000000     11.000000   \n",
       "75%         66.000000      64.000000     14.000000     14.000000   \n",
       "max         93.000000      91.000000     90.000000     92.000000   \n",
       "\n",
       "          GKKicking  GKPositioning    GKReflexes  \n",
       "count  18159.000000   18159.000000  18159.000000  \n",
       "mean      16.232061      16.388898     16.710887  \n",
       "std       16.502864      17.034669     17.955119  \n",
       "min        1.000000       1.000000      1.000000  \n",
       "25%        8.000000       8.000000      8.000000  \n",
       "50%       11.000000      11.000000     11.000000  \n",
       "75%       14.000000      14.000000     14.000000  \n",
       "max       91.000000      90.000000     94.000000  \n",
       "\n",
       "[8 rows x 44 columns]"
      ]
     },
     "execution_count": 4,
     "metadata": {},
     "output_type": "execute_result"
    }
   ],
   "source": [
    "data_frame.describe()"
   ]
  },
  {
   "cell_type": "code",
   "execution_count": 5,
   "id": "90c72489-ee68-4adf-9c6b-96d670ff77f4",
   "metadata": {},
   "outputs": [
    {
     "data": {
      "text/plain": [
       "array([[0, 158023, 'L. Messi', ..., 14.0, 8.0, 'â‚¬226.5M'],\n",
       "       [1, 20801, 'Cristiano Ronaldo', ..., 14.0, 11.0, 'â‚¬127.1M'],\n",
       "       [2, 190871, 'Neymar Jr', ..., 15.0, 11.0, 'â‚¬228.1M'],\n",
       "       ...,\n",
       "       [18204, 241638, 'B. Worman', ..., 6.0, 13.0, 'â‚¬165K'],\n",
       "       [18205, 246268, 'D. Walker-Rice', ..., 8.0, 9.0, 'â‚¬143K'],\n",
       "       [18206, 246269, 'G. Nugent', ..., 12.0, 9.0, 'â‚¬165K']],\n",
       "      dtype=object)"
      ]
     },
     "execution_count": 5,
     "metadata": {},
     "output_type": "execute_result"
    }
   ],
   "source": [
    "data_frame.values"
   ]
  },
  {
   "cell_type": "code",
   "execution_count": 9,
   "id": "eae73332-a71e-4888-aec0-8b947c06b54b",
   "metadata": {},
   "outputs": [
    {
     "ename": "KeyError",
     "evalue": "('Name', 'Wage', 'Value')",
     "output_type": "error",
     "traceback": [
      "\u001b[1;31m---------------------------------------------------------------------------\u001b[0m",
      "\u001b[1;31mKeyError\u001b[0m                                  Traceback (most recent call last)",
      "File \u001b[1;32mc:\\users\\user\\appdata\\local\\programs\\python\\python39\\lib\\site-packages\\pandas\\core\\indexes\\base.py:3361\u001b[0m, in \u001b[0;36mIndex.get_loc\u001b[1;34m(self, key, method, tolerance)\u001b[0m\n\u001b[0;32m   3360\u001b[0m \u001b[38;5;28;01mtry\u001b[39;00m:\n\u001b[1;32m-> 3361\u001b[0m     \u001b[38;5;28;01mreturn\u001b[39;00m \u001b[38;5;28;43mself\u001b[39;49m\u001b[38;5;241;43m.\u001b[39;49m\u001b[43m_engine\u001b[49m\u001b[38;5;241;43m.\u001b[39;49m\u001b[43mget_loc\u001b[49m\u001b[43m(\u001b[49m\u001b[43mcasted_key\u001b[49m\u001b[43m)\u001b[49m\n\u001b[0;32m   3362\u001b[0m \u001b[38;5;28;01mexcept\u001b[39;00m \u001b[38;5;167;01mKeyError\u001b[39;00m \u001b[38;5;28;01mas\u001b[39;00m err:\n",
      "File \u001b[1;32mc:\\users\\user\\appdata\\local\\programs\\python\\python39\\lib\\site-packages\\pandas\\_libs\\index.pyx:76\u001b[0m, in \u001b[0;36mpandas._libs.index.IndexEngine.get_loc\u001b[1;34m()\u001b[0m\n",
      "File \u001b[1;32mc:\\users\\user\\appdata\\local\\programs\\python\\python39\\lib\\site-packages\\pandas\\_libs\\index.pyx:108\u001b[0m, in \u001b[0;36mpandas._libs.index.IndexEngine.get_loc\u001b[1;34m()\u001b[0m\n",
      "File \u001b[1;32mpandas\\_libs\\hashtable_class_helper.pxi:5198\u001b[0m, in \u001b[0;36mpandas._libs.hashtable.PyObjectHashTable.get_item\u001b[1;34m()\u001b[0m\n",
      "File \u001b[1;32mpandas\\_libs\\hashtable_class_helper.pxi:5206\u001b[0m, in \u001b[0;36mpandas._libs.hashtable.PyObjectHashTable.get_item\u001b[1;34m()\u001b[0m\n",
      "\u001b[1;31mKeyError\u001b[0m: ('Name', 'Wage', 'Value')",
      "\nThe above exception was the direct cause of the following exception:\n",
      "\u001b[1;31mKeyError\u001b[0m                                  Traceback (most recent call last)",
      "Input \u001b[1;32mIn [9]\u001b[0m, in \u001b[0;36m<module>\u001b[1;34m\u001b[0m\n\u001b[1;32m----> 1\u001b[0m df1 \u001b[38;5;241m=\u001b[39m pd\u001b[38;5;241m.\u001b[39mDataFrame(\u001b[43mdata_frame\u001b[49m\u001b[43m[\u001b[49m\u001b[38;5;124;43m'\u001b[39;49m\u001b[38;5;124;43mName\u001b[39;49m\u001b[38;5;124;43m'\u001b[39;49m\u001b[43m,\u001b[49m\u001b[43m \u001b[49m\u001b[38;5;124;43m'\u001b[39;49m\u001b[38;5;124;43mWage\u001b[39;49m\u001b[38;5;124;43m'\u001b[39;49m\u001b[43m,\u001b[49m\u001b[43m \u001b[49m\u001b[38;5;124;43m'\u001b[39;49m\u001b[38;5;124;43mValue\u001b[39;49m\u001b[38;5;124;43m'\u001b[39;49m\u001b[43m]\u001b[49m)\n\u001b[0;32m      2\u001b[0m \u001b[38;5;28mprint\u001b[39m(df1)\n",
      "File \u001b[1;32mc:\\users\\user\\appdata\\local\\programs\\python\\python39\\lib\\site-packages\\pandas\\core\\frame.py:3458\u001b[0m, in \u001b[0;36mDataFrame.__getitem__\u001b[1;34m(self, key)\u001b[0m\n\u001b[0;32m   3456\u001b[0m \u001b[38;5;28;01mif\u001b[39;00m \u001b[38;5;28mself\u001b[39m\u001b[38;5;241m.\u001b[39mcolumns\u001b[38;5;241m.\u001b[39mnlevels \u001b[38;5;241m>\u001b[39m \u001b[38;5;241m1\u001b[39m:\n\u001b[0;32m   3457\u001b[0m     \u001b[38;5;28;01mreturn\u001b[39;00m \u001b[38;5;28mself\u001b[39m\u001b[38;5;241m.\u001b[39m_getitem_multilevel(key)\n\u001b[1;32m-> 3458\u001b[0m indexer \u001b[38;5;241m=\u001b[39m \u001b[38;5;28;43mself\u001b[39;49m\u001b[38;5;241;43m.\u001b[39;49m\u001b[43mcolumns\u001b[49m\u001b[38;5;241;43m.\u001b[39;49m\u001b[43mget_loc\u001b[49m\u001b[43m(\u001b[49m\u001b[43mkey\u001b[49m\u001b[43m)\u001b[49m\n\u001b[0;32m   3459\u001b[0m \u001b[38;5;28;01mif\u001b[39;00m is_integer(indexer):\n\u001b[0;32m   3460\u001b[0m     indexer \u001b[38;5;241m=\u001b[39m [indexer]\n",
      "File \u001b[1;32mc:\\users\\user\\appdata\\local\\programs\\python\\python39\\lib\\site-packages\\pandas\\core\\indexes\\base.py:3363\u001b[0m, in \u001b[0;36mIndex.get_loc\u001b[1;34m(self, key, method, tolerance)\u001b[0m\n\u001b[0;32m   3361\u001b[0m         \u001b[38;5;28;01mreturn\u001b[39;00m \u001b[38;5;28mself\u001b[39m\u001b[38;5;241m.\u001b[39m_engine\u001b[38;5;241m.\u001b[39mget_loc(casted_key)\n\u001b[0;32m   3362\u001b[0m     \u001b[38;5;28;01mexcept\u001b[39;00m \u001b[38;5;167;01mKeyError\u001b[39;00m \u001b[38;5;28;01mas\u001b[39;00m err:\n\u001b[1;32m-> 3363\u001b[0m         \u001b[38;5;28;01mraise\u001b[39;00m \u001b[38;5;167;01mKeyError\u001b[39;00m(key) \u001b[38;5;28;01mfrom\u001b[39;00m \u001b[38;5;21;01merr\u001b[39;00m\n\u001b[0;32m   3365\u001b[0m \u001b[38;5;28;01mif\u001b[39;00m is_scalar(key) \u001b[38;5;129;01mand\u001b[39;00m isna(key) \u001b[38;5;129;01mand\u001b[39;00m \u001b[38;5;129;01mnot\u001b[39;00m \u001b[38;5;28mself\u001b[39m\u001b[38;5;241m.\u001b[39mhasnans:\n\u001b[0;32m   3366\u001b[0m     \u001b[38;5;28;01mraise\u001b[39;00m \u001b[38;5;167;01mKeyError\u001b[39;00m(key)\n",
      "\u001b[1;31mKeyError\u001b[0m: ('Name', 'Wage', 'Value')"
     ]
    }
   ],
   "source": [
    "df1 = pd.DataFrame(data_frame, columns=['Name', 'Wage', 'Value'])\n",
    "df1"
   ]
  },
  {
   "cell_type": "code",
   "execution_count": null,
   "id": "e50518b9-ff35-43c7-8a9e-a78428b66ed4",
   "metadata": {},
   "outputs": [],
   "source": []
  },
  {
   "cell_type": "code",
   "execution_count": null,
   "id": "fdb6251c-307a-44f2-854e-7d22802ef1b1",
   "metadata": {},
   "outputs": [],
   "source": []
  }
 ],
 "metadata": {
  "kernelspec": {
   "display_name": "Python 3 (ipykernel)",
   "language": "python",
   "name": "python3"
  },
  "language_info": {
   "codemirror_mode": {
    "name": "ipython",
    "version": 3
   },
   "file_extension": ".py",
   "mimetype": "text/x-python",
   "name": "python",
   "nbconvert_exporter": "python",
   "pygments_lexer": "ipython3",
   "version": "3.9.5"
  }
 },
 "nbformat": 4,
 "nbformat_minor": 5
}
